# JRE version: OpenJDK Runtime Environment (21.0.10) (build 21.0.10+-14961533-b1163.108)
# Java VM: OpenJDK 64-Bit Server VM (21.0.10+-14961533-b1163.108, mixed mode, tiered, compressed oops, compressed class ptrs, g1 gc, windows-amd64)
GC Precious Log:
 CardTable entry size: 512
 Card Set container configuration: InlinePtr #cards 4 size 8 Array Of Cards #cards 16 size 48 Howl #buckets 8 coarsen threshold 3686 Howl Bitmap #cards 512 size 80 coarsen threshold 460 Card regions per heap region 1 cards per card region 4096
 CPUs: 18 total, 18 available
 Memory: 15743M
 Large Page Support: Disabled
 NUMA Support: Disabled
 Compressed Oops: Enabled (Zero based)
 Heap Region Size: 2M
 Heap Min Capacity: 8M
 Heap Initial Capacity: 246M
 Heap Max Capacity: 4G
 Pre-touch: Disabled
 Parallel Workers: 14
 Concurrent Workers: 4
 Concurrent Refinement Workers: 14
 Periodic GC: Disabled
Heap:
 garbage-first heap   total 313344K, used 249735K [0x0000000700000000, 0x0000000800000000)
  region size 2048K, 39 young (79872K), 5 survivors (10240K)
 Metaspace       used 141755K, committed 144384K, reserved 983040K
  class space    used 19632K, committed 20928K, reserved 851968K
GC Heap History (20 events):
Event: 11.227 GC heap before
{Heap before GC invocations=37 (full 0):
 garbage-first heap   total 233472K, used 208963K [0x0000000700000000, 0x0000000800000000)
  region size 2048K, 41 young (83968K), 5 survivors (10240K)
 Metaspace       used 121576K, committed 124032K, reserved 983040K
  class space    used 17300K, committed 18496K, reserved 851968K
}
Event: 11.231 GC heap after
{Heap after GC invocations=38 (full 0):
 garbage-first heap   total 233472K, used 141746K [0x0000000700000000, 0x0000000800000000)
  region size 2048K, 3 young (6144K), 3 survivors (6144K)
 Metaspace       used 121576K, committed 124032K, reserved 983040K
  class space    used 17300K, committed 18496K, reserved 851968K
}
Event: 11.618 GC heap before
{Heap before GC invocations=39 (full 0):
 garbage-first heap   total 243712K, used 211378K [0x0000000700000000, 0x0000000800000000)
  region size 2048K, 38 young (77824K), 3 survivors (6144K)
 Metaspace       used 121878K, committed 124352K, reserved 983040K
  class space    used 17373K, committed 18560K, reserved 851968K
}
Event: 11.621 GC heap after
{Heap after GC invocations=40 (full 0):
 garbage-first heap   total 243712K, used 145649K [0x0000000700000000, 0x0000000800000000)
  region size 2048K, 5 young (10240K), 5 survivors (10240K)
 Metaspace       used 121878K, committed 124352K, reserved 983040K
  class space    used 17373K, committed 18560K, reserved 851968K
}
Event: 11.927 GC heap before
{Heap before GC invocations=40 (full 0):
 garbage-first heap   total 243712K, used 219377K [0x0000000700000000, 0x0000000800000000)
  region size 2048K, 42 young (86016K), 5 survivors (10240K)
 Metaspace       used 122068K, committed 124544K, reserved 983040K
  class space    used 17404K, committed 18624K, reserved 851968K
}
Event: 11.930 GC heap after
{Heap after GC invocations=41 (full 0):
 garbage-first heap   total 243712K, used 148085K [0x0000000700000000, 0x0000000800000000)
  region size 2048K, 4 young (8192K), 4 survivors (8192K)
 Metaspace       used 122068K, committed 124544K, reserved 983040K
  class space    used 17404K, committed 18624K, reserved 851968K
}
Event: 12.502 GC heap before
{Heap before GC invocations=41 (full 0):
 garbage-first heap   total 243712K, used 223861K [0x0000000700000000, 0x0000000800000000)
  region size 2048K, 42 young (86016K), 4 survivors (8192K)
 Metaspace       used 122117K, committed 124608K, reserved 983040K
  class space    used 17409K, committed 18624K, reserved 851968K
}
Event: 12.506 GC heap after
{Heap after GC invocations=42 (full 0):
 garbage-first heap   total 243712K, used 150644K [0x0000000700000000, 0x0000000800000000)
  region size 2048K, 4 young (8192K), 4 survivors (8192K)
 Metaspace       used 122117K, committed 124608K, reserved 983040K
  class space    used 17409K, committed 18624K, reserved 851968K
}
Event: 12.921 GC heap before
{Heap before GC invocations=43 (full 0):
 garbage-first heap   total 256000K, used 226420K [0x0000000700000000, 0x0000000800000000)
  region size 2048K, 41 young (83968K), 4 survivors (8192K)
 Metaspace       used 122154K, committed 124608K, reserved 983040K
  class space    used 17409K, committed 18624K, reserved 851968K
}
Event: 12.925 GC heap after
{Heap after GC invocations=44 (full 0):
 garbage-first heap   total 307200K, used 153157K [0x0000000700000000, 0x0000000800000000)
  region size 2048K, 5 young (10240K), 5 survivors (10240K)
 Metaspace       used 122154K, committed 124608K, reserved 983040K
  class space    used 17409K, committed 18624K, reserved 851968K
}
Event: 13.829 GC heap before
{Heap before GC invocations=44 (full 0):
 garbage-first heap   total 307200K, used 282181K [0x0000000700000000, 0x0000000800000000)
  region size 2048K, 69 young (141312K), 5 survivors (10240K)
 Metaspace       used 123714K, committed 126272K, reserved 983040K
  class space    used 17537K, committed 18752K, reserved 851968K
}
Event: 13.834 GC heap after
{Heap after GC invocations=45 (full 0):
 garbage-first heap   total 307200K, used 155505K [0x0000000700000000, 0x0000000800000000)
  region size 2048K, 7 young (14336K), 7 survivors (14336K)
 Metaspace       used 123714K, committed 126272K, reserved 983040K
  class space    used 17537K, committed 18752K, reserved 851968K
}
Event: 17.282 GC heap before
{Heap before GC invocations=45 (full 0):
 garbage-first heap   total 307200K, used 284529K [0x0000000700000000, 0x0000000800000000)
  region size 2048K, 71 young (145408K), 7 survivors (14336K)
 Metaspace       used 125978K, committed 128448K, reserved 983040K
  class space    used 17813K, committed 19008K, reserved 851968K
}
Event: 17.293 GC heap after
{Heap after GC invocations=46 (full 0):
 garbage-first heap   total 313344K, used 166448K [0x0000000700000000, 0x0000000800000000)
  region size 2048K, 9 young (18432K), 9 survivors (18432K)
 Metaspace       used 125978K, committed 128448K, reserved 983040K
  class space    used 17813K, committed 19008K, reserved 851968K
}
Event: 25.543 GC heap before
{Heap before GC invocations=47 (full 0):
 garbage-first heap   total 313344K, used 285232K [0x0000000700000000, 0x0000000800000000)
  region size 2048K, 68 young (139264K), 9 survivors (18432K)
 Metaspace       used 126955K, committed 129472K, reserved 983040K
  class space    used 17907K, committed 19136K, reserved 851968K
}
Event: 25.551 GC heap after
{Heap after GC invocations=48 (full 0):
 garbage-first heap   total 313344K, used 169984K [0x0000000700000000, 0x0000000800000000)
  region size 2048K, 3 young (6144K), 3 survivors (6144K)
 Metaspace       used 126955K, committed 129472K, reserved 983040K
  class space    used 17907K, committed 19136K, reserved 851968K
}
Event: 26.437 GC heap before
{Heap before GC invocations=48 (full 0):
 garbage-first heap   total 313344K, used 290816K [0x0000000700000000, 0x0000000800000000)
  region size 2048K, 62 young (126976K), 3 survivors (6144K)
 Metaspace       used 128398K, committed 130944K, reserved 983040K
  class space    used 18087K, committed 19328K, reserved 851968K
}
Event: 26.442 GC heap after
{Heap after GC invocations=49 (full 0):
 garbage-first heap   total 313344K, used 174235K [0x0000000700000000, 0x0000000800000000)
  region size 2048K, 5 young (10240K), 5 survivors (10240K)
 Metaspace       used 128398K, committed 130944K, reserved 983040K
  class space    used 18087K, committed 19328K, reserved 851968K
}
Event: 26.824 GC heap before
{Heap before GC invocations=49 (full 0):
 garbage-first heap   total 313344K, used 229531K [0x0000000700000000, 0x0000000800000000)
  region size 2048K, 33 young (67584K), 5 survivors (10240K)
 Metaspace       used 130799K, committed 133376K, reserved 983040K
  class space    used 18342K, committed 19584K, reserved 851968K
}
Event: 26.830 GC heap after
{Heap after GC invocations=50 (full 0):
 garbage-first heap   total 313344K, used 180103K [0x0000000700000000, 0x0000000800000000)
  region size 2048K, 5 young (10240K), 5 survivors (10240K)
 Metaspace       used 130799K, committed 133376K, reserved 983040K
  class space    used 18342K, committed 19584K, reserved 851968K
}

