# JRE version: OpenJDK Runtime Environment (21.0.10) (build 21.0.10+-14961533-b1163.108)
# Java VM: OpenJDK 64-Bit Server VM (21.0.10+-14961533-b1163.108, mixed mode, tiered, compressed oops, compressed class ptrs, g1 gc, windows-amd64)
GC Precious Log:
 CardTable entry size: 512
 Card Set container configuration: InlinePtr #cards 5 size 8 Array Of Cards #cards 12 size 40 Howl #buckets 4 coarsen threshold 1843 Howl Bitmap #cards 512 size 80 coarsen threshold 460 Card regions per heap region 1 cards per card region 2048
 CPUs: 18 total, 18 available
 Memory: 15743M
 Large Page Support: Disabled
 NUMA Support: Disabled
 Compressed Oops: Enabled (32-bit)
 Heap Region Size: 1M
 Heap Min Capacity: 8M
 Heap Initial Capacity: 246M
 Heap Max Capacity: 1536M
 Pre-touch: Disabled
 Parallel Workers: 14
 Concurrent Workers: 4
 Concurrent Refinement Workers: 14
 Periodic GC: Disabled
Heap:
 garbage-first heap   total 299008K, used 254075K [0x00000000a0000000, 0x0000000100000000)
  region size 1024K, 64 young (65536K), 11 survivors (11264K)
 Metaspace       used 141621K, committed 144256K, reserved 557056K
  class space    used 19649K, committed 20928K, reserved 425984K
GC Heap History (20 events):
Event: 17.891 GC heap before
{Heap before GC invocations=47 (full 0):
 garbage-first heap   total 225280K, used 204582K [0x00000000a0000000, 0x0000000100000000)
  region size 1024K, 70 young (71680K), 7 survivors (7168K)
 Metaspace       used 122236K, committed 124736K, reserved 557056K
  class space    used 17428K, committed 18624K, reserved 425984K
}
Event: 17.897 GC heap after
{Heap after GC invocations=48 (full 0):
 garbage-first heap   total 225280K, used 144471K [0x00000000a0000000, 0x0000000100000000)
  region size 1024K, 4 young (4096K), 4 survivors (4096K)
 Metaspace       used 122236K, committed 124736K, reserved 557056K
  class space    used 17428K, committed 18624K, reserved 425984K
}
Event: 18.720 GC heap before
{Heap before GC invocations=48 (full 0):
 garbage-first heap   total 225280K, used 207959K [0x00000000a0000000, 0x0000000100000000)
  region size 1024K, 66 young (67584K), 4 survivors (4096K)
 Metaspace       used 122277K, committed 124800K, reserved 557056K
  class space    used 17431K, committed 18624K, reserved 425984K
}
Event: 18.724 GC heap after
{Heap after GC invocations=49 (full 0):
 garbage-first heap   total 225280K, used 146782K [0x00000000a0000000, 0x0000000100000000)
  region size 1024K, 7 young (7168K), 7 survivors (7168K)
 Metaspace       used 122277K, committed 124800K, reserved 557056K
  class space    used 17431K, committed 18624K, reserved 425984K
}
Event: 19.373 GC heap before
{Heap before GC invocations=50 (full 0):
 garbage-first heap   total 249856K, used 209246K [0x00000000a0000000, 0x0000000100000000)
  region size 1024K, 68 young (69632K), 7 survivors (7168K)
 Metaspace       used 122303K, committed 124800K, reserved 557056K
  class space    used 17434K, committed 18624K, reserved 425984K
}
Event: 19.378 GC heap after
{Heap after GC invocations=51 (full 0):
 garbage-first heap   total 249856K, used 149628K [0x00000000a0000000, 0x0000000100000000)
  region size 1024K, 6 young (6144K), 6 survivors (6144K)
 Metaspace       used 122303K, committed 124800K, reserved 557056K
  class space    used 17434K, committed 18624K, reserved 425984K
}
Event: 20.009 GC heap before
{Heap before GC invocations=51 (full 0):
 garbage-first heap   total 249856K, used 231548K [0x00000000a0000000, 0x0000000100000000)
  region size 1024K, 87 young (89088K), 6 survivors (6144K)
 Metaspace       used 122387K, committed 124864K, reserved 557056K
  class space    used 17440K, committed 18624K, reserved 425984K
}
Event: 20.014 GC heap after
{Heap after GC invocations=52 (full 0):
 garbage-first heap   total 249856K, used 153540K [0x00000000a0000000, 0x0000000100000000)
  region size 1024K, 10 young (10240K), 10 survivors (10240K)
 Metaspace       used 122387K, committed 124864K, reserved 557056K
  class space    used 17440K, committed 18624K, reserved 425984K
}
Event: 20.765 GC heap before
{Heap before GC invocations=52 (full 0):
 garbage-first heap   total 249856K, used 233412K [0x00000000a0000000, 0x0000000100000000)
  region size 1024K, 88 young (90112K), 10 survivors (10240K)
 Metaspace       used 122535K, committed 125056K, reserved 557056K
  class space    used 17460K, committed 18688K, reserved 425984K
}
Event: 20.771 GC heap after
{Heap after GC invocations=53 (full 0):
 garbage-first heap   total 249856K, used 155154K [0x00000000a0000000, 0x0000000100000000)
  region size 1024K, 8 young (8192K), 8 survivors (8192K)
 Metaspace       used 122535K, committed 125056K, reserved 557056K
  class space    used 17460K, committed 18688K, reserved 425984K
}
Event: 22.322 GC heap before
{Heap before GC invocations=53 (full 0):
 garbage-first heap   total 249856K, used 234002K [0x00000000a0000000, 0x0000000100000000)
  region size 1024K, 85 young (87040K), 8 survivors (8192K)
 Metaspace       used 124675K, committed 127168K, reserved 557056K
  class space    used 17757K, committed 18944K, reserved 425984K
}
Event: 22.326 GC heap after
{Heap after GC invocations=54 (full 0):
 garbage-first heap   total 249856K, used 158019K [0x00000000a0000000, 0x0000000100000000)
  region size 1024K, 6 young (6144K), 6 survivors (6144K)
 Metaspace       used 124675K, committed 127168K, reserved 557056K
  class space    used 17757K, committed 18944K, reserved 425984K
}
Event: 23.209 GC heap before
{Heap before GC invocations=55 (full 0):
 garbage-first heap   total 265216K, used 239939K [0x00000000a0000000, 0x0000000100000000)
  region size 1024K, 81 young (82944K), 6 survivors (6144K)
 Metaspace       used 131615K, committed 134144K, reserved 557056K
  class space    used 18444K, committed 19648K, reserved 425984K
}
Event: 23.214 GC heap after
{Heap after GC invocations=56 (full 0):
 garbage-first heap   total 265216K, used 168575K [0x00000000a0000000, 0x0000000100000000)
  region size 1024K, 11 young (11264K), 11 survivors (11264K)
 Metaspace       used 131615K, committed 134144K, reserved 557056K
  class space    used 18444K, committed 19648K, reserved 425984K
}
Event: 26.563 GC heap before
{Heap before GC invocations=56 (full 0):
 garbage-first heap   total 265216K, used 248447K [0x00000000a0000000, 0x0000000100000000)
  region size 1024K, 89 young (91136K), 11 survivors (11264K)
 Metaspace       used 138372K, committed 140928K, reserved 557056K
  class space    used 19325K, committed 20544K, reserved 425984K
}
Event: 26.572 GC heap after
{Heap after GC invocations=57 (full 0):
 garbage-first heap   total 268288K, used 173131K [0x00000000a0000000, 0x0000000100000000)
  region size 1024K, 6 young (6144K), 6 survivors (6144K)
 Metaspace       used 138372K, committed 140928K, reserved 557056K
  class space    used 19325K, committed 20544K, reserved 425984K
}
Event: 26.993 GC heap before
{Heap before GC invocations=57 (full 0):
 garbage-first heap   total 268288K, used 213067K [0x00000000a0000000, 0x0000000100000000)
  region size 1024K, 46 young (47104K), 6 survivors (6144K)
 Metaspace       used 138414K, committed 140992K, reserved 557056K
  class space    used 19327K, committed 20544K, reserved 425984K
}
Event: 26.997 GC heap after
{Heap after GC invocations=58 (full 0):
 garbage-first heap   total 268288K, used 173216K [0x00000000a0000000, 0x0000000100000000)
  region size 1024K, 7 young (7168K), 7 survivors (7168K)
 Metaspace       used 138414K, committed 140992K, reserved 557056K
  class space    used 19327K, committed 20544K, reserved 425984K
}
Event: 27.445 GC heap before
{Heap before GC invocations=59 (full 0):
 garbage-first heap   total 299008K, used 254112K [0x00000000a0000000, 0x0000000100000000)
  region size 1024K, 82 young (83968K), 7 survivors (7168K)
 Metaspace       used 138476K, committed 141056K, reserved 557056K
  class space    used 19332K, committed 20608K, reserved 425984K
}
Event: 27.456 GC heap after
{Heap after GC invocations=60 (full 0):
 garbage-first heap   total 299008K, used 199803K [0x00000000a0000000, 0x0000000100000000)
  region size 1024K, 11 young (11264K), 11 survivors (11264K)
 Metaspace       used 138476K, committed 141056K, reserved 557056K
  class space    used 19332K, committed 20608K, reserved 425984K
}

